<?xml version="1.0" encoding="UTF-8"?>
<testsuite xmlns:xsi="http://www.w3.org/2001/XMLSchema-instance" xsi:noNamespaceSchemaLocation="https://maven.apache.org/surefire/maven-surefire-plugin/xsd/surefire-test-report-3.0.xsd" version="3.0" name="com.java.PS1.Ps1ApplicationTests" time="4.881" tests="1" errors="0" skipped="0" failures="0">
  <properties>
[...]
</properties>
  <testcase name="contextLoads" classname="com.java.PS1.Ps1ApplicationTests" time="1.62">
    <system-out><![CDATA[21:15:26.933 [main] INFO org.springframework.test.context.support.AnnotationConfigContextLoaderUtils -- Could not detect default configuration classes for test class [com.java.PS1.Ps1ApplicationTests]: Ps1ApplicationTests does not declare any static, non-private, non-final, nested classes annotated with @Configuration.
21:15:27.099 [main] INFO org.springframework.boot.test.context.SpringBootTestContextBootstrapper -- Found @SpringBootConfiguration com.java.PS1.Ps1Application for test class com.java.PS1.Ps1ApplicationTests

  .   ____          _            __ _ _
 /\\ / ___'_ __ _ _(_)_ __  __ _ \ \ \ \
( ( )\___ | '_ | '_| | '_ \/ _` | \ \ \ \
 \\/  ___)| |_)| | | | | || (_| |  ) ) ) )
  '  |____| .__|_| |_|_| |_\__, | / / / /
 =========|_|==============|___/=/_/_/_/

 :: Spring Boot ::                (v3.3.3)

2024-08-28T21:15:27.847+05:30  WARN 30096 --- [PS1] [           main] ory$DuplicateJsonObjectContextCustomizer : 

Found multiple occurrences of org.json.JSONObject on the class path:

	jar:file:/C:/Users/91766/.m2/repository/com/vaadin/external/google/android-json/0.0.20131108.vaadin1/android-json-0.0.20131108.vaadin1.jar!/org/json/JSONObject.class
	jar:file:/C:/Users/91766/.m2/repository/org/json/json/20210307/json-20210307.jar!/org/json/JSONObject.class

You may wish to exclude one of them to ensure predictable runtime behavior

2024-08-28T21:15:27.890+05:30  INFO 30096 --- [PS1] [           main] com.java.PS1.Ps1ApplicationTests         : Starting Ps1ApplicationTests using Java 17.0.2 with PID 30096 (started by 91766 in C:\Users\91766\Downloads\PS1\PS1)
2024-08-28T21:15:27.892+05:30  INFO 30096 --- [PS1] [           main] com.java.PS1.Ps1ApplicationTests         : No active profile set, falling back to 1 default profile: "default"
2024-08-28T21:15:29.806+05:30  INFO 30096 --- [PS1] [           main] com.java.PS1.Ps1ApplicationTests         : Started Ps1ApplicationTests in 2.414 seconds (process running for 4.31)
]]></system-out>
  </testcase>
</testsuite>